<?xml version="1.0" encoding="UTF-8"?>
<!-- Generated by org.testng.reporters.JUnitXMLReporter -->
<testsuite ignored="0" hostname="abhishekp-PC" failures="0" tests="3" name="Test" time="13.293" errors="0" timestamp="2020-02-11T02:18:51 IST">
  <testcase classname="testCases.BaseClass" name="navigateToSauceDemo" time="6.711"/>
  <testcase classname="testCases.BaseClass" name="loginToSauceDemo" time="4.748"/>
  <testcase classname="testCases.BaseClass" name="logoutOfSauceDemo" time="1.202"/>
</testsuite> <!-- Test -->
