<?xml version="1.0" encoding="UTF-8"?>
<!-- Generated by org.testng.reporters.JUnitXMLReporter -->
<testsuite hostname="apanigrahi-pc" ignored="0" name="Smoke" tests="3" failures="0" timestamp="2020-03-29T21:13:57 IST" time="34.506" errors="0">
  <testcase name="navigateToSauceDemo" time="10.941" classname="com.project.Testcases.NavigateAndLoginToSauceDemo"/>
  <testcase name="loginToSauceDemo" time="11.801" classname="com.project.Testcases.NavigateAndLoginToSauceDemo"/>
  <testcase name="logoutOfSauceDemo" time="11.459" classname="com.project.Testcases.NavigateAndLoginToSauceDemo"/>
</testsuite> <!-- Smoke -->
