<?xml version="1.0" encoding="UTF-8"?>
<!-- Generated by org.testng.reporters.JUnitXMLReporter -->
<testsuite hostname="apanigrahi-pc" ignored="0" name="Smoke" tests="3" failures="1" timestamp="2020-04-12T02:20:49 IST" time="15.389" errors="0">
  <testcase name="navigateToSauceDemo" time="9.606" classname="com.project.testcases.NavigateAndLoginToSauceDemo"/>
  <testcase name="loginToSauceDemo" time="4.453" classname="com.project.testcases.NavigateAndLoginToSauceDemo"/>
  <testcase name="logoutOfSauceDemo" time="0.0" classname="com.project.testcases.NavigateAndLoginToSauceDemo">
    <failure type="java.lang.IllegalArgumentException" message="Argument is of an illegal type: org.openqa.selenium.By$ByClassName">
      <![CDATA[java.lang.IllegalArgumentException: Argument is of an illegal type: org.openqa.selenium.By$ByClassName
at org.openqa.selenium.remote.internal.WebElementToJsonConverter.apply(WebElementToJsonConverter.java:84)
at java.util.stream.ReferencePipeline$3$1.accept(Unknown Source)
at java.util.Spliterators$ArraySpliterator.forEachRemaining(Unknown Source)
at java.util.stream.AbstractPipeline.copyInto(Unknown Source)
at java.util.stream.AbstractPipeline.wrapAndCopyInto(Unknown Source)
at java.util.stream.ReduceOps$ReduceOp.evaluateSequential(Unknown Source)
at java.util.stream.AbstractPipeline.evaluate(Unknown Source)
at java.util.stream.ReferencePipeline.collect(Unknown Source)
at org.openqa.selenium.remote.RemoteWebDriver.executeScript(RemoteWebDriver.java:477)
at com.project.page.MainMenuPage.logoutOfSauceDemo(MainMenuPage.java:36)
at com.project.testcases.NavigateAndLoginToSauceDemo.logoutOfSauceDemo(NavigateAndLoginToSauceDemo.java:52)
at java.util.ArrayList.forEach(Unknown Source)
... Removed 27 stack frames]]>
    </failure>
  </testcase> <!-- logoutOfSauceDemo -->
</testsuite> <!-- Smoke -->
