<?xml version="1.0" encoding="UTF-8"?>
<!-- Generated by org.testng.reporters.JUnitXMLReporter -->
<testsuite hostname="apanigrahi-pc" ignored="0" name="Smoke" tests="3" failures="0" timestamp="2020-04-06T02:38:16 IST" time="23.906" errors="0">
  <testcase name="navigateToSauceDemo" time="14.805" classname="com.project.testcases.NavigateAndLoginToSauceDemo"/>
  <testcase name="loginToSauceDemo" time="7.188" classname="com.project.testcases.NavigateAndLoginToSauceDemo"/>
  <testcase name="logoutOfSauceDemo" time="1.069" classname="com.project.testcases.NavigateAndLoginToSauceDemo"/>
</testsuite> <!-- Smoke -->
