<?xml version="1.0" encoding="UTF-8"?>
<!-- Generated by org.testng.reporters.JUnitXMLReporter -->
<testsuite ignored="0" hostname="abhishekp-PC" failures="0" tests="3" name="Default test" time="16.467" errors="0" timestamp="2020-02-11T03:03:48 IST">
  <testcase classname="testCases.BaseClass" name="navigateToSauceDemo" time="7.393"/>
  <testcase classname="testCases.BaseClass" name="loginToSauceDemo" time="7.071"/>
  <testcase classname="testCases.BaseClass" name="logoutOfSauceDemo" time="1.411"/>
</testsuite> <!-- Default test -->
