<?xml version="1.0" encoding="UTF-8"?>
<!-- Generated by org.testng.reporters.JUnitXMLReporter -->
<testsuite ignored="0" hostname="abhishekp-PC" failures="0" tests="3" name="Default test" time="93.773" errors="0" timestamp="2020-02-10T23:43:06 IST">
  <testcase classname="testCases.BaseClass" name="navigateToSauceDemo" time="39.233"/>
  <testcase classname="testCases.BaseClass" name="loginToSauceDemo" time="52.677"/>
  <testcase classname="testCases.BaseClass" name="logoutOfSauceDemo" time="1.251"/>
</testsuite> <!-- Default test -->
