<?xml version="1.0" encoding="UTF-8"?>
<testng-results skipped="0" failed="0" ignored="0" total="3" passed="3">
  <reporter-output>
  </reporter-output>
  <suite name="Smoke" duration-ms="23906" started-at="2020-04-06T02:37:52 IST" finished-at="2020-04-06T02:38:16 IST">
    <groups>
    </groups>
    <test name="Smoke" duration-ms="23906" started-at="2020-04-06T02:37:52 IST" finished-at="2020-04-06T02:38:16 IST">
      <class name="com.project.testcases.NavigateAndLoginToSauceDemo">
        <test-method status="PASS" signature="onStart()[pri:0, instance:com.project.testcases.NavigateAndLoginToSauceDemo@3fd7a715]" name="onStart" is-config="true" duration-ms="605" started-at="2020-04-06T02:37:51 IST" finished-at="2020-04-06T02:37:52 IST">
          <reporter-output>
          </reporter-output>
        </test-method> <!-- onStart -->
        <test-method status="PASS" signature="pageObjects()[pri:0, instance:com.project.testcases.NavigateAndLoginToSauceDemo@3fd7a715]" name="pageObjects" is-config="true" duration-ms="11" started-at="2020-04-06T02:37:52 IST" finished-at="2020-04-06T02:37:52 IST">
          <reporter-output>
          </reporter-output>
        </test-method> <!-- pageObjects -->
        <test-method status="PASS" signature="navigateToSauceDemo()[pri:0, instance:com.project.testcases.NavigateAndLoginToSauceDemo@3fd7a715]" name="navigateToSauceDemo" duration-ms="14805" started-at="2020-04-06T02:37:52 IST" description="Navigate to the given test site and asserting it&#039;s title" finished-at="2020-04-06T02:38:07 IST">
          <reporter-output>
          </reporter-output>
        </test-method> <!-- navigateToSauceDemo -->
        <test-method status="PASS" signature="loginToSauceDemo(java.lang.String, java.lang.String)[pri:0, instance:com.project.testcases.NavigateAndLoginToSauceDemo@3fd7a715]" name="loginToSauceDemo" duration-ms="7188" started-at="2020-04-06T02:38:07 IST" description="Logging in to given test site and asserting it&#039;s title" depends-on-methods="com.project.testcases.NavigateAndLoginToSauceDemo.navigateToSauceDemo" finished-at="2020-04-06T02:38:14 IST">
          <params>
            <param index="0">
              <value>
                <![CDATA[standard_user]]>
              </value>
            </param>
            <param index="1">
              <value>
                <![CDATA[secret_sauce]]>
              </value>
            </param>
          </params>
          <reporter-output>
          </reporter-output>
        </test-method> <!-- loginToSauceDemo -->
        <test-method status="PASS" signature="pageObjects()[pri:0, instance:com.project.testcases.NavigateAndLoginToSauceDemo@3fd7a715]" name="pageObjects" is-config="true" duration-ms="0" started-at="2020-04-06T02:38:07 IST" finished-at="2020-04-06T02:38:07 IST">
          <reporter-output>
          </reporter-output>
        </test-method> <!-- pageObjects -->
        <test-method status="PASS" signature="pageObjects()[pri:0, instance:com.project.testcases.NavigateAndLoginToSauceDemo@3fd7a715]" name="pageObjects" is-config="true" duration-ms="0" started-at="2020-04-06T02:38:15 IST" finished-at="2020-04-06T02:38:15 IST">
          <reporter-output>
          </reporter-output>
        </test-method> <!-- pageObjects -->
        <test-method status="PASS" signature="logoutOfSauceDemo()[pri:0, instance:com.project.testcases.NavigateAndLoginToSauceDemo@3fd7a715]" name="logoutOfSauceDemo" duration-ms="1069" started-at="2020-04-06T02:38:15 IST" description="Logging out of given test site and asserting it&#039;s title" depends-on-methods="com.project.testcases.NavigateAndLoginToSauceDemo.loginToSauceDemo" finished-at="2020-04-06T02:38:16 IST">
          <reporter-output>
          </reporter-output>
        </test-method> <!-- logoutOfSauceDemo -->
        <test-method status="PASS" signature="finishedTest()[pri:0, instance:com.project.testcases.NavigateAndLoginToSauceDemo@3fd7a715]" name="finishedTest" is-config="true" duration-ms="3744" started-at="2020-04-06T02:38:16 IST" finished-at="2020-04-06T02:38:19 IST">
          <reporter-output>
          </reporter-output>
        </test-method> <!-- finishedTest -->
      </class> <!-- com.project.testcases.NavigateAndLoginToSauceDemo -->
    </test> <!-- Smoke -->
  </suite> <!-- Smoke -->
</testng-results>
