<?xml version="1.0" encoding="UTF-8"?>
<testng-results skipped="0" failed="1" ignored="4" total="7" passed="2">
  <reporter-output>
  </reporter-output>
  <suite name="Smoke" duration-ms="17616" started-at="2020-03-13T22:51:34 IST" finished-at="2020-03-13T22:51:51 IST">
    <groups>
    </groups>
    <test name="Smoke" duration-ms="17616" started-at="2020-03-13T22:51:34 IST" finished-at="2020-03-13T22:51:51 IST">
      <class name="com.project.Testcases.LoginToSauceDemo">
        <test-method status="PASS" signature="pageObjects()[pri:0, instance:com.project.Testcases.LoginToSauceDemo@4f51b3e0]" name="pageObjects" is-config="true" duration-ms="1" started-at="2020-03-13T22:51:44 IST" finished-at="2020-03-13T22:51:44 IST">
          <reporter-output>
          </reporter-output>
        </test-method> <!-- pageObjects -->
        <test-method status="PASS" signature="loginToSauceDemo(java.lang.String, java.lang.String)[pri:0, instance:com.project.Testcases.LoginToSauceDemo@4f51b3e0]" name="loginToSauceDemo" duration-ms="6539" started-at="2020-03-13T22:51:44 IST" finished-at="2020-03-13T22:51:50 IST">
          <params>
            <param index="0">
              <value>
                <![CDATA[standard_user]]>
              </value>
            </param>
            <param index="1">
              <value>
                <![CDATA[secret_sauce]]>
              </value>
            </param>
          </params>
          <reporter-output>
          </reporter-output>
        </test-method> <!-- loginToSauceDemo -->
      </class> <!-- com.project.Testcases.LoginToSauceDemo -->
      <class name="com.project.Testcases.LogOutOfSauceDemo">
        <test-method status="FAIL" signature="logoutOfSauceDemo()[pri:0, instance:com.project.Testcases.LogOutOfSauceDemo@4b9e255]" name="logoutOfSauceDemo" duration-ms="301" started-at="2020-03-13T22:51:50 IST" finished-at="2020-03-13T22:51:51 IST">
          <exception class="java.lang.AssertionError">
            <message>
              <![CDATA[Error while clicking on: logout button : element not visible
  (Session info: chrome=80.0.3987.132)
  (Driver info: chromedriver=2.35.528161 (5b82f2d2aae0ca24b877009200ced9065a772e73),platform=Windows NT 10.0.18363 x86_64) (WARNING: The server did not provide any stacktrace information)
Command duration or timeout: 40 milliseconds
Build info: version: '2.53.1', revision: 'a36b8b1cd5757287168e54b817830adce9b0158d', time: '2016-06-30 19:26:09'
System info: host: 'apanigrahi-pc', ip: '172.18.239.161', os.name: 'Windows 10', os.arch: 'amd64', os.version: '10.0', java.version: '1.8.0_241'
Driver info: org.openqa.selenium.chrome.ChromeDriver
Capabilities [{applicationCacheEnabled=false, rotatable=false, mobileEmulationEnabled=false, networkConnectionEnabled=false, chrome={chromedriverVersion=2.35.528161 (5b82f2d2aae0ca24b877009200ced9065a772e73), userDataDir=C:\Users\abhishek\AppData\Local\Temp\scoped_dir6996_24214}, takesHeapSnapshot=true, pageLoadStrategy=normal, databaseEnabled=false, handlesAlerts=true, hasTouchScreen=false, version=80.0.3987.132, platform=XP, browserConnectionEnabled=false, nativeEvents=true, acceptSslCerts=false, acceptInsecureCerts=false, locationContextEnabled=true, webStorageEnabled=true, browserName=chrome, takesScreenshot=true, javascriptEnabled=true, cssSelectorsEnabled=true, setWindowRect=true, unexpectedAlertBehaviour=}]
Session ID: cf28755a17414a414658da4b2107d6d4]]>
            </message>
            <full-stacktrace>
              <![CDATA[java.lang.AssertionError: Error while clicking on: logout button : element not visible
  (Session info: chrome=80.0.3987.132)
  (Driver info: chromedriver=2.35.528161 (5b82f2d2aae0ca24b877009200ced9065a772e73),platform=Windows NT 10.0.18363 x86_64) (WARNING: The server did not provide any stacktrace information)
Command duration or timeout: 40 milliseconds
Build info: version: '2.53.1', revision: 'a36b8b1cd5757287168e54b817830adce9b0158d', time: '2016-06-30 19:26:09'
System info: host: 'apanigrahi-pc', ip: '172.18.239.161', os.name: 'Windows 10', os.arch: 'amd64', os.version: '10.0', java.version: '1.8.0_241'
Driver info: org.openqa.selenium.chrome.ChromeDriver
Capabilities [{applicationCacheEnabled=false, rotatable=false, mobileEmulationEnabled=false, networkConnectionEnabled=false, chrome={chromedriverVersion=2.35.528161 (5b82f2d2aae0ca24b877009200ced9065a772e73), userDataDir=C:\Users\abhishek\AppData\Local\Temp\scoped_dir6996_24214}, takesHeapSnapshot=true, pageLoadStrategy=normal, databaseEnabled=false, handlesAlerts=true, hasTouchScreen=false, version=80.0.3987.132, platform=XP, browserConnectionEnabled=false, nativeEvents=true, acceptSslCerts=false, acceptInsecureCerts=false, locationContextEnabled=true, webStorageEnabled=true, browserName=chrome, takesScreenshot=true, javascriptEnabled=true, cssSelectorsEnabled=true, setWindowRect=true, unexpectedAlertBehaviour=}]
Session ID: cf28755a17414a414658da4b2107d6d4
at org.testng.Assert.fail(Assert.java:97)
at com.project.Utility.MethodLibrary.clickLink(MethodLibrary.java:198)
at com.project.Page.MainMenuPage.logoutOfSauceDemo(MainMenuPage.java:32)
at com.project.Testcases.LogOutOfSauceDemo.logoutOfSauceDemo(LogOutOfSauceDemo.java:16)
at sun.reflect.NativeMethodAccessorImpl.invoke0(Native Method)
at sun.reflect.NativeMethodAccessorImpl.invoke(Unknown Source)
at sun.reflect.DelegatingMethodAccessorImpl.invoke(Unknown Source)
at java.lang.reflect.Method.invoke(Unknown Source)
at org.testng.internal.MethodInvocationHelper.invokeMethod(MethodInvocationHelper.java:133)
at org.testng.internal.TestInvoker.invokeMethod(TestInvoker.java:584)
at org.testng.internal.TestInvoker.invokeTestMethod(TestInvoker.java:172)
at org.testng.internal.MethodRunner.runInSequence(MethodRunner.java:46)
at org.testng.internal.TestInvoker$MethodInvocationAgent.invoke(TestInvoker.java:804)
at org.testng.internal.TestInvoker.invokeTestMethods(TestInvoker.java:145)
at org.testng.internal.TestMethodWorker.invokeTestMethods(TestMethodWorker.java:146)
at org.testng.internal.TestMethodWorker.run(TestMethodWorker.java:128)
at java.util.ArrayList.forEach(Unknown Source)
at org.testng.TestRunner.privateRun(TestRunner.java:770)
at org.testng.TestRunner.run(TestRunner.java:591)
at org.testng.SuiteRunner.runTest(SuiteRunner.java:402)
at org.testng.SuiteRunner.runSequentially(SuiteRunner.java:396)
at org.testng.SuiteRunner.privateRun(SuiteRunner.java:355)
at org.testng.SuiteRunner.run(SuiteRunner.java:304)
at org.testng.SuiteRunnerWorker.runSuite(SuiteRunnerWorker.java:53)
at org.testng.SuiteRunnerWorker.run(SuiteRunnerWorker.java:96)
at org.testng.TestNG.runSuitesSequentially(TestNG.java:1180)
at org.testng.TestNG.runSuitesLocally(TestNG.java:1102)
at org.testng.TestNG.runSuites(TestNG.java:1032)
at org.testng.TestNG.run(TestNG.java:1000)
at org.testng.remote.AbstractRemoteTestNG.run(AbstractRemoteTestNG.java:115)
at org.testng.remote.RemoteTestNG.initAndRun(RemoteTestNG.java:251)
at org.testng.remote.RemoteTestNG.main(RemoteTestNG.java:77)
]]>
            </full-stacktrace>
          </exception> <!-- java.lang.AssertionError -->
          <reporter-output>
          </reporter-output>
        </test-method> <!-- logoutOfSauceDemo -->
        <test-method status="PASS" signature="pageObjects()[pri:0, instance:com.project.Testcases.LogOutOfSauceDemo@4b9e255]" name="pageObjects" is-config="true" duration-ms="0" started-at="2020-03-13T22:51:50 IST" finished-at="2020-03-13T22:51:50 IST">
          <reporter-output>
          </reporter-output>
        </test-method> <!-- pageObjects -->
      </class> <!-- com.project.Testcases.LogOutOfSauceDemo -->
      <class name="com.project.Testcases.NavigateToSauceDemo">
        <test-method status="PASS" signature="onStart()[pri:0, instance:com.project.Testcases.NavigateToSauceDemo@1e4a7dd4]" name="onStart" is-config="true" duration-ms="126" started-at="2020-03-13T22:51:34 IST" finished-at="2020-03-13T22:51:34 IST">
          <reporter-output>
          </reporter-output>
        </test-method> <!-- onStart -->
        <test-method status="PASS" signature="pageObjects()[pri:0, instance:com.project.Testcases.NavigateToSauceDemo@1e4a7dd4]" name="pageObjects" is-config="true" duration-ms="26" started-at="2020-03-13T22:51:34 IST" finished-at="2020-03-13T22:51:34 IST">
          <reporter-output>
          </reporter-output>
        </test-method> <!-- pageObjects -->
        <test-method status="PASS" signature="navigateToSauceDemo(java.lang.String, java.lang.String, java.lang.String)[pri:0, instance:com.project.Testcases.NavigateToSauceDemo@1e4a7dd4]" name="navigateToSauceDemo" duration-ms="9440" started-at="2020-03-13T22:51:34 IST" finished-at="2020-03-13T22:51:43 IST">
          <params>
            <param index="0">
              <value>
                <![CDATA[https://www.saucedemo.com/]]>
              </value>
            </param>
            <param index="1">
              <value>
                <![CDATA[SauceDemo.com34]]>
              </value>
            </param>
            <param index="2">
              <value>
                <![CDATA[chrome]]>
              </value>
            </param>
          </params>
          <reporter-output>
          </reporter-output>
        </test-method> <!-- navigateToSauceDemo -->
        <test-method status="PASS" signature="finishedTest()[pri:0, instance:com.project.Testcases.NavigateToSauceDemo@1e4a7dd4]" name="finishedTest" is-config="true" duration-ms="231" started-at="2020-03-13T22:51:51 IST" finished-at="2020-03-13T22:51:52 IST">
          <reporter-output>
          </reporter-output>
        </test-method> <!-- finishedTest -->
      </class> <!-- com.project.Testcases.NavigateToSauceDemo -->
    </test> <!-- Smoke -->
  </suite> <!-- Smoke -->
</testng-results>
